[INFO] Scanning for projects...
[INFO] 
[INFO] -----------------------< com.yxly:yxly-backend >------------------------
[INFO] Building yxly-backend 0.0.1-SNAPSHOT
[INFO] --------------------------------[ jar ]---------------------------------
[INFO] 
[INFO] >>> spring-boot-maven-plugin:2.7.18:run (default-cli) > test-compile @ yxly-backend >>>
[INFO] 
[INFO] --- maven-resources-plugin:3.2.0:resources (default-resources) @ yxly-backend ---
[INFO] Using 'UTF-8' encoding to copy filtered resources.
[INFO] Using 'UTF-8' encoding to copy filtered properties files.
[INFO] Copying 3 resources
[INFO] Copying 3 resources
[INFO] 
[INFO] --- maven-compiler-plugin:3.10.1:compile (default-compile) @ yxly-backend ---
[INFO] Changes detected - recompiling the module!
[INFO] Compiling 27 source files to E:\CursorProject\LRminsu\yxly-backend\target\classes
[WARNING] Error creating missing package info classes
java.nio.file.NoSuchFileException: E:\CursorProject\LRminsu\yxly-backend\target\classes\com\yxly\config\package-info.class
    at sun.nio.fs.WindowsException.translateToIOException (WindowsException.java:85)
    at sun.nio.fs.WindowsException.rethrowAsIOException (WindowsException.java:103)
    at sun.nio.fs.WindowsException.rethrowAsIOException (WindowsException.java:108)
    at sun.nio.fs.WindowsFileSystemProvider.newByteChannel (WindowsFileSystemProvider.java:236)
    at java.nio.file.spi.FileSystemProvider.newOutputStream (FileSystemProvider.java:484)
    at java.nio.file.Files.newOutputStream (Files.java:228)
    at java.nio.file.Files.write (Files.java:3512)
    at org.apache.maven.plugin.compiler.AbstractCompilerMojo.createMissingPackageInfoClasses (AbstractCompilerMojo.java:1364)
    at org.apache.maven.plugin.compiler.AbstractCompilerMojo.execute (AbstractCompilerMojo.java:1229)
    at org.apache.maven.plugin.compiler.CompilerMojo.execute (CompilerMojo.java:198)
    at org.apache.maven.plugin.DefaultBuildPluginManager.executeMojo (DefaultBuildPluginManager.java:137)
    at org.apache.maven.lifecycle.internal.MojoExecutor.execute (MojoExecutor.java:210)
    at org.apache.maven.lifecycle.internal.MojoExecutor.execute (MojoExecutor.java:156)
    at org.apache.maven.lifecycle.internal.MojoExecutor.execute (MojoExecutor.java:148)
    at org.apache.maven.lifecycle.internal.MojoExecutor.executeForkedExecutions (MojoExecutor.java:355)
    at org.apache.maven.lifecycle.internal.MojoExecutor.execute (MojoExecutor.java:200)
    at org.apache.maven.lifecycle.internal.MojoExecutor.execute (MojoExecutor.java:156)
    at org.apache.maven.lifecycle.internal.MojoExecutor.execute (MojoExecutor.java:148)
    at org.apache.maven.lifecycle.internal.LifecycleModuleBuilder.buildProject (LifecycleModuleBuilder.java:117)
    at org.apache.maven.lifecycle.internal.LifecycleModuleBuilder.buildProject (LifecycleModuleBuilder.java:81)
    at org.apache.maven.lifecycle.internal.builder.singlethreaded.SingleThreadedBuilder.build (SingleThreadedBuilder.java:56)
    at org.apache.maven.lifecycle.internal.LifecycleStarter.execute (LifecycleStarter.java:128)
    at org.apache.maven.DefaultMaven.doExecute (DefaultMaven.java:305)
    at org.apache.maven.DefaultMaven.doExecute (DefaultMaven.java:192)
    at org.apache.maven.DefaultMaven.execute (DefaultMaven.java:105)
    at org.apache.maven.cli.MavenCli.execute (MavenCli.java:957)
    at org.apache.maven.cli.MavenCli.doMain (MavenCli.java:289)
    at org.apache.maven.cli.MavenCli.main (MavenCli.java:193)
    at jdk.internal.reflect.NativeMethodAccessorImpl.invoke0 (Native Method)
    at jdk.internal.reflect.NativeMethodAccessorImpl.invoke (NativeMethodAccessorImpl.java:77)
    at jdk.internal.reflect.DelegatingMethodAccessorImpl.invoke (DelegatingMethodAccessorImpl.java:43)
    at java.lang.reflect.Method.invoke (Method.java:568)
    at org.codehaus.plexus.classworlds.launcher.Launcher.launchEnhanced (Launcher.java:282)
    at org.codehaus.plexus.classworlds.launcher.Launcher.launch (Launcher.java:225)
    at org.codehaus.plexus.classworlds.launcher.Launcher.mainWithExitCode (Launcher.java:406)
    at org.codehaus.plexus.classworlds.launcher.Launcher.main (Launcher.java:347)
[INFO] 
[INFO] --- maven-resources-plugin:3.2.0:testResources (default-testResources) @ yxly-backend ---
[INFO] Using 'UTF-8' encoding to copy filtered resources.
[INFO] Using 'UTF-8' encoding to copy filtered properties files.
[INFO] skip non existing resourceDirectory E:\CursorProject\LRminsu\yxly-backend\src\test\resources
[INFO] 
[INFO] --- maven-compiler-plugin:3.10.1:testCompile (default-testCompile) @ yxly-backend ---
[INFO] Changes detected - recompiling the module!
[INFO] Compiling 1 source file to E:\CursorProject\LRminsu\yxly-backend\target\test-classes
[INFO] 
[INFO] <<< spring-boot-maven-plugin:2.7.18:run (default-cli) < test-compile @ yxly-backend <<<
[INFO] 
[INFO] 
[INFO] --- spring-boot-maven-plugin:2.7.18:run (default-cli) @ yxly-backend ---
[INFO] Attaching agents: []

  .   ____          _            __ _ _
 /\\ / ___'_ __ _ _(_)_ __  __ _ \ \ \ \
( ( )\___ | '_ | '_| | '_ \/ _` | \ \ \ \
 \\/  ___)| |_)| | | | | || (_| |  ) ) ) )
  '  |____| .__|_| |_|_| |_\__, | / / / /
 =========|_|==============|___/=/_/_/_/
 :: Spring Boot ::               (v2.7.18)

21:44:26.679 [main] INFO  com.yxly.YxlyApplication - Starting YxlyApplication using Java 17.0.12 on LuoRui with PID 15120 (E:\CursorProject\LRminsu\yxly-backend\target\classes started by ÂÞÈð in E:\CursorProject\LRminsu\yxly-backend)
21:44:26.681 [main] DEBUG com.yxly.YxlyApplication - Running with Spring Boot v2.7.18, Spring v5.3.31
21:44:26.681 [main] INFO  com.yxly.YxlyApplication - The following 1 profile is active: "dev"
21:44:27.197 [main] INFO  o.s.d.r.c.RepositoryConfigurationDelegate - Multiple Spring Data modules found, entering strict repository configuration mode
21:44:27.199 [main] INFO  o.s.d.r.c.RepositoryConfigurationDelegate - Bootstrapping Spring Data Redis repositories in DEFAULT mode.
21:44:27.212 [main] INFO  o.s.d.r.c.RepositoryConfigurationDelegate - Finished Spring Data repository scanning in 3 ms. Found 0 Redis repository interfaces.
21:44:27.296 [main] WARN  o.m.s.mapper.ClassPathMapperScanner - No MyBatis mapper was found in '[com.yxly]' package. Please check your configuration.
21:44:27.665 [main] INFO  o.s.b.w.e.tomcat.TomcatWebServer - Tomcat initialized with port(s): 8080 (http)
21:44:27.673 [main] INFO  o.a.catalina.core.StandardService - Starting service [Tomcat]
21:44:27.673 [main] INFO  o.a.catalina.core.StandardEngine - Starting Servlet engine: [Apache Tomcat/9.0.83]
21:44:27.739 [main] INFO  o.a.c.c.C.[.[localhost].[/api] - Initializing Spring embedded WebApplicationContext
21:44:27.740 [main] INFO  o.s.b.w.s.c.ServletWebServerApplicationContext - Root WebApplicationContext: initialization completed in 1023 ms
21:44:27.800 [main] INFO  c.a.d.s.b.a.DruidDataSourceAutoConfigure - Init DruidDataSource
21:44:28.035 [main] INFO  c.alibaba.druid.pool.DruidDataSource - {dataSource-1} inited
Logging initialized using 'class org.apache.ibatis.logging.stdout.StdOutImpl' adapter.
Initialization Sequence datacenterId:0 workerId:27
21:44:28.632 [main] WARN  o.s.b.a.s.s.UserDetailsServiceAutoConfiguration - 

Using generated security password: 3cf74a6c-68f2-422f-8d62-5053ba02f883

This generated password is for development use only. Your security configuration must be updated before running your application in production.

21:44:28.691 [main] DEBUG o.s.s.w.a.e.ExpressionBasedFilterInvocationSecurityMetadataSource - Adding web access control expression [authenticated] for any request
21:44:28.698 [main] INFO  o.s.s.web.DefaultSecurityFilterChain - Will secure any request with [org.springframework.security.web.session.DisableEncodeUrlFilter@56ba8e8c, org.springframework.security.web.context.request.async.WebAsyncManagerIntegrationFilter@774c5e5c, org.springframework.security.web.context.SecurityContextPersistenceFilter@6f6f65a4, org.springframework.security.web.header.HeaderWriterFilter@72c704f1, org.springframework.security.web.csrf.CsrfFilter@2507a170, org.springframework.security.web.authentication.logout.LogoutFilter@73a5d86c, org.springframework.security.web.authentication.UsernamePasswordAuthenticationFilter@4a5066f5, org.springframework.security.web.authentication.ui.DefaultLoginPageGeneratingFilter@41f90b10, org.springframework.security.web.authentication.ui.DefaultLogoutPageGeneratingFilter@4cf01c41, org.springframework.security.web.authentication.www.BasicAuthenticationFilter@7fbbdd8a, org.springframework.security.web.savedrequest.RequestCacheAwareFilter@3dea1ecc, org.springframework.security.web.servletapi.SecurityContextHolderAwareRequestFilter@105c6c9e, org.springframework.security.web.authentication.AnonymousAuthenticationFilter@57bac3f0, org.springframework.security.web.session.SessionManagementFilter@7612116b, org.springframework.security.web.access.ExceptionTranslationFilter@54ca9420, org.springframework.security.web.access.intercept.FilterSecurityInterceptor@773c7147]
21:44:28.735 [main] INFO  o.s.b.w.e.tomcat.TomcatWebServer - Tomcat started on port(s): 8080 (http) with context path '/api'
21:44:28.742 [main] INFO  com.yxly.YxlyApplication - Started YxlyApplication in 2.385 seconds (JVM running for 2.616)
[INFO] ------------------------------------------------------------------------
[INFO] BUILD FAILURE
[INFO] ------------------------------------------------------------------------
[INFO] Total time:  01:39 min
[INFO] Finished at: 2025-10-13T21:46:02+08:00
[INFO] ------------------------------------------------------------------------
[ERROR] Failed to execute goal org.springframework.boot:spring-boot-maven-plugin:2.7.18:run (default-cli) on project yxly-backend: Application finished with exit code: 1 -> [Help 1]
[ERROR] 
[ERROR] To see the full stack trace of the errors, re-run Maven with the -e switch.
[ERROR] Re-run Maven using the -X switch to enable full debug logging.
[ERROR] 
[ERROR] For more information about the errors and possible solutions, please read the following articles:
[ERROR] [Help 1] http://cwiki.apache.org/confluence/display/MAVEN/MojoExecutionException
