2025-10-20 23:26:40.613 [restartedMain] INFO  [com.yxly.YxlyApplication] - Starting YxlyApplication using Java 17.0.12 on LuoRui with PID 15244 (E:\CursorProject\LRminsu\yxly-backend\target\classes started by 罗瑞 in E:\CursorProject\LRminsu\yxly-backend)
2025-10-20 23:26:40.620 [restartedMain] DEBUG [com.yxly.YxlyApplication] - Running with Spring Boot v2.7.18, Spring v5.3.31
2025-10-20 23:26:40.621 [restartedMain] INFO  [com.yxly.YxlyApplication] - The following 1 profile is active: "dev"
2025-10-20 23:26:40.666 [restartedMain] INFO  [o.s.b.d.env.DevToolsPropertyDefaultsPostProcessor] - Devtools property defaults active! Set 'spring.devtools.add-properties' to 'false' to disable
2025-10-20 23:26:40.667 [restartedMain] INFO  [o.s.b.d.env.DevToolsPropertyDefaultsPostProcessor] - For additional web related logging consider setting the 'logging.level.web' property to 'DEBUG'
2025-10-20 23:26:41.287 [restartedMain] INFO  [o.s.d.r.config.RepositoryConfigurationDelegate] - Multiple Spring Data modules found, entering strict repository configuration mode
2025-10-20 23:26:41.290 [restartedMain] INFO  [o.s.d.r.config.RepositoryConfigurationDelegate] - Bootstrapping Spring Data Redis repositories in DEFAULT mode.
2025-10-20 23:26:41.316 [restartedMain] INFO  [o.s.d.r.config.RepositoryConfigurationDelegate] - Finished Spring Data repository scanning in 13 ms. Found 0 Redis repository interfaces.
2025-10-20 23:26:42.078 [restartedMain] INFO  [o.s.boot.web.embedded.tomcat.TomcatWebServer] - Tomcat initialized with port(s): 8080 (http)
2025-10-20 23:26:42.086 [restartedMain] INFO  [org.apache.catalina.core.StandardService] - Starting service [Tomcat]
2025-10-20 23:26:42.087 [restartedMain] INFO  [org.apache.catalina.core.StandardEngine] - Starting Servlet engine: [Apache Tomcat/9.0.83]
2025-10-20 23:26:42.163 [restartedMain] INFO  [o.a.c.c.ContainerBase.[Tomcat].[localhost].[/api]] - Initializing Spring embedded WebApplicationContext
2025-10-20 23:26:42.163 [restartedMain] INFO  [o.s.b.w.s.c.ServletWebServerApplicationContext] - Root WebApplicationContext: initialization completed in 1496 ms
2025-10-20 23:26:42.238 [restartedMain] INFO  [c.a.d.s.b.a.DruidDataSourceAutoConfigure] - Init DruidDataSource
2025-10-20 23:26:42.663 [restartedMain] INFO  [com.alibaba.druid.pool.DruidDataSource] - {dataSource-1} inited
2025-10-20 23:26:42.941 [restartedMain] DEBUG [com.yxly.security.JwtAuthenticationFilter] - Filter 'jwtAuthenticationFilter' configured for use
2025-10-20 23:26:43.328 [restartedMain] DEBUG [o.s.s.w.a.e.ExpressionBasedFilterInvocationSecurityMetadataSource] - Adding web access control expression [permitAll] for Ant [pattern='/v1/auth/**']
2025-10-20 23:26:43.329 [restartedMain] DEBUG [o.s.s.w.a.e.ExpressionBasedFilterInvocationSecurityMetadataSource] - Adding web access control expression [permitAll] for Ant [pattern='/v1/dev/**']
2025-10-20 23:26:43.329 [restartedMain] DEBUG [o.s.s.w.a.e.ExpressionBasedFilterInvocationSecurityMetadataSource] - Adding web access control expression [permitAll] for Ant [pattern='/v3/api-docs/**']
2025-10-20 23:26:43.329 [restartedMain] DEBUG [o.s.s.w.a.e.ExpressionBasedFilterInvocationSecurityMetadataSource] - Adding web access control expression [permitAll] for Ant [pattern='/swagger-ui/**']
2025-10-20 23:26:43.330 [restartedMain] DEBUG [o.s.s.w.a.e.ExpressionBasedFilterInvocationSecurityMetadataSource] - Adding web access control expression [permitAll] for Ant [pattern='/swagger-ui.html']
2025-10-20 23:26:43.330 [restartedMain] DEBUG [o.s.s.w.a.e.ExpressionBasedFilterInvocationSecurityMetadataSource] - Adding web access control expression [permitAll] for Ant [pattern='/druid/**']
2025-10-20 23:26:43.330 [restartedMain] DEBUG [o.s.s.w.a.e.ExpressionBasedFilterInvocationSecurityMetadataSource] - Adding web access control expression [permitAll] for Ant [pattern='/actuator/**']
2025-10-20 23:26:43.330 [restartedMain] DEBUG [o.s.s.w.a.e.ExpressionBasedFilterInvocationSecurityMetadataSource] - Adding web access control expression [permitAll] for Ant [pattern='/error']
2025-10-20 23:26:43.330 [restartedMain] DEBUG [o.s.s.w.a.e.ExpressionBasedFilterInvocationSecurityMetadataSource] - Adding web access control expression [permitAll] for Ant [pattern='/v1/rooms/**', GET]
2025-10-20 23:26:43.330 [restartedMain] DEBUG [o.s.s.w.a.e.ExpressionBasedFilterInvocationSecurityMetadataSource] - Adding web access control expression [permitAll] for Ant [pattern='/v1/admin/rooms/types', GET]
2025-10-20 23:26:43.330 [restartedMain] DEBUG [o.s.s.w.a.e.ExpressionBasedFilterInvocationSecurityMetadataSource] - Adding web access control expression [permitAll] for Ant [pattern='/v1/admin/files/**']
2025-10-20 23:26:43.330 [restartedMain] DEBUG [o.s.s.w.a.e.ExpressionBasedFilterInvocationSecurityMetadataSource] - Adding web access control expression [permitAll] for Ant [pattern='/v1/admin/recharge/**']
2025-10-20 23:26:43.330 [restartedMain] DEBUG [o.s.s.w.a.e.ExpressionBasedFilterInvocationSecurityMetadataSource] - Adding web access control expression [permitAll] for Ant [pattern='/v1/admin/withdraw/**']
2025-10-20 23:26:43.330 [restartedMain] DEBUG [o.s.s.w.a.e.ExpressionBasedFilterInvocationSecurityMetadataSource] - Adding web access control expression [permitAll] for Ant [pattern='/v1/admin/bookings/**']
2025-10-20 23:26:43.332 [restartedMain] DEBUG [o.s.s.w.a.e.ExpressionBasedFilterInvocationSecurityMetadataSource] - Adding web access control expression [permitAll] for Ant [pattern='/admin/bookings/**']
2025-10-20 23:26:43.332 [restartedMain] DEBUG [o.s.s.w.a.e.ExpressionBasedFilterInvocationSecurityMetadataSource] - Adding web access control expression [permitAll] for Ant [pattern='/v1/user/recharge/**']
2025-10-20 23:26:43.332 [restartedMain] DEBUG [o.s.s.w.a.e.ExpressionBasedFilterInvocationSecurityMetadataSource] - Adding web access control expression [permitAll] for Ant [pattern='/v1/user/info']
2025-10-20 23:26:43.332 [restartedMain] DEBUG [o.s.s.w.a.e.ExpressionBasedFilterInvocationSecurityMetadataSource] - Adding web access control expression [permitAll] for Ant [pattern='/v1/user/balance']
2025-10-20 23:26:43.332 [restartedMain] DEBUG [o.s.s.w.a.e.ExpressionBasedFilterInvocationSecurityMetadataSource] - Adding web access control expression [permitAll] for Ant [pattern='/user/bookings/**']
2025-10-20 23:26:43.332 [restartedMain] DEBUG [o.s.s.w.a.e.ExpressionBasedFilterInvocationSecurityMetadataSource] - Adding web access control expression [permitAll] for Ant [pattern='/v1/user/financial-records/**']
2025-10-20 23:26:43.332 [restartedMain] DEBUG [o.s.s.w.a.e.ExpressionBasedFilterInvocationSecurityMetadataSource] - Adding web access control expression [authenticated] for any request
2025-10-20 23:26:43.336 [restartedMain] INFO  [o.s.security.web.DefaultSecurityFilterChain] - Will secure any request with [org.springframework.security.web.session.DisableEncodeUrlFilter@4026601d, org.springframework.security.web.context.request.async.WebAsyncManagerIntegrationFilter@63c2058b, org.springframework.security.web.context.SecurityContextPersistenceFilter@6eca63b, org.springframework.security.web.header.HeaderWriterFilter@5ed122ae, org.springframework.web.filter.CorsFilter@cd4bf9d, org.springframework.security.web.authentication.logout.LogoutFilter@25a1b88a, com.yxly.security.JwtAuthenticationFilter@12775d01, org.springframework.security.web.savedrequest.RequestCacheAwareFilter@50794c31, org.springframework.security.web.servletapi.SecurityContextHolderAwareRequestFilter@372f5089, org.springframework.security.web.authentication.AnonymousAuthenticationFilter@1b0deec4, org.springframework.security.web.session.SessionManagementFilter@2e1fe430, org.springframework.security.web.access.ExceptionTranslationFilter@3ddfe247, org.springframework.security.web.access.intercept.FilterSecurityInterceptor@4a2ef579]
2025-10-20 23:26:44.008 [restartedMain] INFO  [o.s.b.d.autoconfigure.OptionalLiveReloadServer] - LiveReload server is running on port 35729
2025-10-20 23:26:44.062 [restartedMain] INFO  [o.s.boot.web.embedded.tomcat.TomcatWebServer] - Tomcat started on port(s): 8080 (http) with context path '/api'
2025-10-20 23:26:44.072 [restartedMain] INFO  [com.yxly.YxlyApplication] - Started YxlyApplication in 3.792 seconds (JVM running for 4.116)
2025-10-20 23:26:49.956 [http-nio-8080-exec-1] INFO  [o.a.c.c.ContainerBase.[Tomcat].[localhost].[/api]] - Initializing Spring DispatcherServlet 'dispatcherServlet'
2025-10-20 23:26:49.957 [http-nio-8080-exec-1] INFO  [org.springframework.web.servlet.DispatcherServlet] - Initializing Servlet 'dispatcherServlet'
2025-10-20 23:26:49.958 [http-nio-8080-exec-1] INFO  [org.springframework.web.servlet.DispatcherServlet] - Completed initialization in 1 ms
2025-10-20 23:26:49.964 [http-nio-8080-exec-1] DEBUG [org.springframework.security.web.FilterChainProxy] - Securing GET /v1/location/list
2025-10-20 23:26:49.966 [http-nio-8080-exec-1] DEBUG [o.s.s.web.context.SecurityContextPersistenceFilter] - Set SecurityContextHolder to empty SecurityContext
2025-10-20 23:26:49.971 [http-nio-8080-exec-1] DEBUG [o.s.s.w.a.AnonymousAuthenticationFilter] - Set SecurityContextHolder to anonymous SecurityContext
2025-10-20 23:26:49.975 [http-nio-8080-exec-1] DEBUG [o.s.s.w.access.intercept.FilterSecurityInterceptor] - Failed to authorize filter invocation [GET /v1/location/list] with attributes [authenticated]
2025-10-20 23:26:49.975 [http-nio-8080-exec-1] DEBUG [o.s.s.w.authentication.Http403ForbiddenEntryPoint] - Pre-authenticated entry point called. Rejecting access
2025-10-20 23:26:49.976 [http-nio-8080-exec-1] DEBUG [o.s.s.web.context.SecurityContextPersistenceFilter] - Cleared SecurityContextHolder to complete request
2025-10-20 23:26:49.978 [http-nio-8080-exec-1] DEBUG [org.springframework.security.web.FilterChainProxy] - Securing GET /error
2025-10-20 23:26:49.979 [http-nio-8080-exec-1] DEBUG [o.s.s.web.context.SecurityContextPersistenceFilter] - Set SecurityContextHolder to empty SecurityContext
2025-10-20 23:26:49.979 [http-nio-8080-exec-1] DEBUG [o.s.s.w.a.AnonymousAuthenticationFilter] - Set SecurityContextHolder to anonymous SecurityContext
2025-10-20 23:26:49.979 [http-nio-8080-exec-1] DEBUG [org.springframework.security.web.FilterChainProxy] - Secured GET /error
2025-10-20 23:26:50.029 [http-nio-8080-exec-1] DEBUG [o.s.s.web.context.SecurityContextPersistenceFilter] - Cleared SecurityContextHolder to complete request
2025-10-20 23:26:56.610 [http-nio-8080-exec-2] DEBUG [org.springframework.security.web.FilterChainProxy] - Securing GET /v1/location/list
2025-10-20 23:26:56.610 [http-nio-8080-exec-2] DEBUG [o.s.s.web.context.SecurityContextPersistenceFilter] - Set SecurityContextHolder to empty SecurityContext
2025-10-20 23:26:56.611 [http-nio-8080-exec-2] DEBUG [o.s.s.w.a.AnonymousAuthenticationFilter] - Set SecurityContextHolder to anonymous SecurityContext
2025-10-20 23:26:56.611 [http-nio-8080-exec-2] DEBUG [o.s.s.w.access.intercept.FilterSecurityInterceptor] - Failed to authorize filter invocation [GET /v1/location/list] with attributes [authenticated]
2025-10-20 23:26:56.611 [http-nio-8080-exec-2] DEBUG [o.s.s.w.authentication.Http403ForbiddenEntryPoint] - Pre-authenticated entry point called. Rejecting access
2025-10-20 23:26:56.612 [http-nio-8080-exec-2] DEBUG [o.s.s.web.context.SecurityContextPersistenceFilter] - Cleared SecurityContextHolder to complete request
2025-10-20 23:26:56.613 [http-nio-8080-exec-2] DEBUG [org.springframework.security.web.FilterChainProxy] - Securing GET /error
2025-10-20 23:26:56.613 [http-nio-8080-exec-2] DEBUG [o.s.s.web.context.SecurityContextPersistenceFilter] - Set SecurityContextHolder to empty SecurityContext
2025-10-20 23:26:56.613 [http-nio-8080-exec-2] DEBUG [o.s.s.w.a.AnonymousAuthenticationFilter] - Set SecurityContextHolder to anonymous SecurityContext
2025-10-20 23:26:56.613 [http-nio-8080-exec-2] DEBUG [org.springframework.security.web.FilterChainProxy] - Secured GET /error
2025-10-20 23:26:56.616 [http-nio-8080-exec-2] DEBUG [o.s.s.web.context.SecurityContextPersistenceFilter] - Cleared SecurityContextHolder to complete request
2025-10-20 23:27:03.067 [http-nio-8080-exec-3] DEBUG [org.springframework.security.web.FilterChainProxy] - Securing GET /v1/location/list
2025-10-20 23:27:03.068 [http-nio-8080-exec-3] DEBUG [o.s.s.web.context.SecurityContextPersistenceFilter] - Set SecurityContextHolder to empty SecurityContext
2025-10-20 23:27:03.068 [http-nio-8080-exec-3] DEBUG [o.s.s.w.a.AnonymousAuthenticationFilter] - Set SecurityContextHolder to anonymous SecurityContext
2025-10-20 23:27:03.068 [http-nio-8080-exec-3] DEBUG [o.s.s.w.access.intercept.FilterSecurityInterceptor] - Failed to authorize filter invocation [GET /v1/location/list] with attributes [authenticated]
2025-10-20 23:27:03.068 [http-nio-8080-exec-3] DEBUG [o.s.s.w.authentication.Http403ForbiddenEntryPoint] - Pre-authenticated entry point called. Rejecting access
2025-10-20 23:27:03.068 [http-nio-8080-exec-3] DEBUG [o.s.s.web.context.SecurityContextPersistenceFilter] - Cleared SecurityContextHolder to complete request
2025-10-20 23:27:03.069 [http-nio-8080-exec-3] DEBUG [org.springframework.security.web.FilterChainProxy] - Securing GET /error
2025-10-20 23:27:03.069 [http-nio-8080-exec-3] DEBUG [o.s.s.web.context.SecurityContextPersistenceFilter] - Set SecurityContextHolder to empty SecurityContext
2025-10-20 23:27:03.069 [http-nio-8080-exec-3] DEBUG [o.s.s.w.a.AnonymousAuthenticationFilter] - Set SecurityContextHolder to anonymous SecurityContext
2025-10-20 23:27:03.069 [http-nio-8080-exec-3] DEBUG [org.springframework.security.web.FilterChainProxy] - Secured GET /error
2025-10-20 23:27:03.071 [http-nio-8080-exec-3] DEBUG [o.s.s.web.context.SecurityContextPersistenceFilter] - Cleared SecurityContextHolder to complete request
2025-10-20 23:27:20.329 [http-nio-8080-exec-4] DEBUG [org.springframework.security.web.FilterChainProxy] - Securing POST /v1/auth/login
2025-10-20 23:27:20.330 [http-nio-8080-exec-4] DEBUG [o.s.s.web.context.SecurityContextPersistenceFilter] - Set SecurityContextHolder to empty SecurityContext
2025-10-20 23:27:20.335 [http-nio-8080-exec-4] DEBUG [o.s.s.w.a.AnonymousAuthenticationFilter] - Set SecurityContextHolder to anonymous SecurityContext
2025-10-20 23:27:20.337 [http-nio-8080-exec-4] DEBUG [o.s.s.w.access.intercept.FilterSecurityInterceptor] - Authorized filter invocation [POST /v1/auth/login] with attributes [permitAll]
2025-10-20 23:27:20.337 [http-nio-8080-exec-4] DEBUG [org.springframework.security.web.FilterChainProxy] - Secured POST /v1/auth/login
2025-10-20 23:27:20.425 [http-nio-8080-exec-4] INFO  [com.yxly.controller.auth.AuthController] - 用户登录请求: account=admin, userType=admin
2025-10-20 23:27:20.428 [http-nio-8080-exec-4] INFO  [com.yxly.service.impl.AuthServiceImpl] - 用户登录: admin, 登录类型: admin
2025-10-20 23:27:20.581 [http-nio-8080-exec-4] INFO  [com.yxly.service.impl.AuthServiceImpl] - 密码验证结果: true
2025-10-20 23:27:20.601 [http-nio-8080-exec-4] DEBUG [com.yxly.config.MyBatisPlusConfig] - 开始更新填充...
2025-10-20 23:27:20.616 [http-nio-8080-exec-4] INFO  [com.yxly.service.impl.AuthServiceImpl] - 用户登录成功: admin
2025-10-20 23:27:20.630 [http-nio-8080-exec-4] DEBUG [o.s.s.web.context.SecurityContextPersistenceFilter] - Cleared SecurityContextHolder to complete request
2025-10-20 23:27:22.154 [http-nio-8080-exec-5] DEBUG [org.springframework.security.web.FilterChainProxy] - Securing GET /v1/admin/locations?current=1&size=10
2025-10-20 23:27:22.157 [http-nio-8080-exec-5] DEBUG [o.s.s.web.context.SecurityContextPersistenceFilter] - Set SecurityContextHolder to empty SecurityContext
2025-10-20 23:27:22.179 [http-nio-8080-exec-5] DEBUG [com.yxly.security.UserDetailsServiceImpl] - 加载用户信息: admin
2025-10-20 23:27:22.188 [http-nio-8080-exec-5] DEBUG [o.s.s.w.access.intercept.FilterSecurityInterceptor] - Authorized filter invocation [GET /v1/admin/locations?current=1&size=10] with attributes [authenticated]
2025-10-20 23:27:22.189 [http-nio-8080-exec-5] DEBUG [org.springframework.security.web.FilterChainProxy] - Secured GET /v1/admin/locations?current=1&size=10
2025-10-20 23:27:22.204 [http-nio-8080-exec-5] INFO  [com.yxly.controller.admin.LocationController] - 分页查询位置列表: current=1, size=10
2025-10-20 23:27:22.206 [http-nio-8080-exec-5] INFO  [com.yxly.service.impl.LocationInfoServiceImpl] - 分页查询位置信息: current=1, size=10
2025-10-20 23:27:22.297 [http-nio-8080-exec-5] DEBUG [o.s.s.web.context.SecurityContextPersistenceFilter] - Cleared SecurityContextHolder to complete request
2025-10-20 23:27:31.691 [http-nio-8080-exec-6] DEBUG [org.springframework.security.web.FilterChainProxy] - Securing POST /v1/auth/logout
2025-10-20 23:27:31.691 [http-nio-8080-exec-6] DEBUG [o.s.s.web.context.SecurityContextPersistenceFilter] - Set SecurityContextHolder to empty SecurityContext
2025-10-20 23:27:31.694 [http-nio-8080-exec-6] DEBUG [com.yxly.security.UserDetailsServiceImpl] - 加载用户信息: admin
2025-10-20 23:27:31.698 [http-nio-8080-exec-6] DEBUG [o.s.s.w.access.intercept.FilterSecurityInterceptor] - Authorized filter invocation [POST /v1/auth/logout] with attributes [permitAll]
2025-10-20 23:27:31.698 [http-nio-8080-exec-6] DEBUG [org.springframework.security.web.FilterChainProxy] - Secured POST /v1/auth/logout
2025-10-20 23:27:31.699 [http-nio-8080-exec-6] INFO  [com.yxly.controller.auth.AuthController] - 用户登出
2025-10-20 23:27:31.699 [http-nio-8080-exec-6] DEBUG [o.s.s.web.context.SecurityContextPersistenceFilter] - Cleared SecurityContextHolder to complete request
2025-10-20 23:27:38.078 [http-nio-8080-exec-7] DEBUG [org.springframework.security.web.FilterChainProxy] - Securing POST /v1/auth/login
2025-10-20 23:27:38.078 [http-nio-8080-exec-7] DEBUG [o.s.s.web.context.SecurityContextPersistenceFilter] - Set SecurityContextHolder to empty SecurityContext
2025-10-20 23:27:38.079 [http-nio-8080-exec-7] DEBUG [o.s.s.w.a.AnonymousAuthenticationFilter] - Set SecurityContextHolder to anonymous SecurityContext
2025-10-20 23:27:38.079 [http-nio-8080-exec-7] DEBUG [o.s.s.w.access.intercept.FilterSecurityInterceptor] - Authorized filter invocation [POST /v1/auth/login] with attributes [permitAll]
2025-10-20 23:27:38.079 [http-nio-8080-exec-7] DEBUG [org.springframework.security.web.FilterChainProxy] - Secured POST /v1/auth/login
2025-10-20 23:27:38.080 [http-nio-8080-exec-7] INFO  [com.yxly.controller.auth.AuthController] - 用户登录请求: account=admin, userType=user
2025-10-20 23:27:38.080 [http-nio-8080-exec-7] INFO  [com.yxly.service.impl.AuthServiceImpl] - 用户登录: admin, 登录类型: user
2025-10-20 23:27:38.153 [http-nio-8080-exec-7] INFO  [com.yxly.service.impl.AuthServiceImpl] - 密码验证结果: true
2025-10-20 23:27:38.155 [http-nio-8080-exec-7] DEBUG [com.yxly.config.MyBatisPlusConfig] - 开始更新填充...
2025-10-20 23:27:38.159 [http-nio-8080-exec-7] INFO  [com.yxly.service.impl.AuthServiceImpl] - 用户登录成功: admin
2025-10-20 23:27:38.161 [http-nio-8080-exec-7] DEBUG [o.s.s.web.context.SecurityContextPersistenceFilter] - Cleared SecurityContextHolder to complete request
2025-10-20 23:27:38.538 [http-nio-8080-exec-8] DEBUG [org.springframework.security.web.FilterChainProxy] - Securing GET /v1/location/list
2025-10-20 23:27:38.538 [http-nio-8080-exec-8] DEBUG [o.s.s.web.context.SecurityContextPersistenceFilter] - Set SecurityContextHolder to empty SecurityContext
2025-10-20 23:27:38.541 [http-nio-8080-exec-8] DEBUG [com.yxly.security.UserDetailsServiceImpl] - 加载用户信息: admin
2025-10-20 23:27:38.545 [http-nio-8080-exec-8] DEBUG [o.s.s.w.access.intercept.FilterSecurityInterceptor] - Authorized filter invocation [GET /v1/location/list] with attributes [authenticated]
2025-10-20 23:27:38.545 [http-nio-8080-exec-8] DEBUG [org.springframework.security.web.FilterChainProxy] - Secured GET /v1/location/list
2025-10-20 23:27:38.545 [http-nio-8080-exec-8] INFO  [com.yxly.controller.user.UserLocationController] - 用户查询所有启用的位置列表
2025-10-20 23:27:38.545 [http-nio-8080-exec-8] INFO  [com.yxly.service.impl.LocationInfoServiceImpl] - 获取所有启用的位置列表（用户端）
2025-10-20 23:27:38.551 [http-nio-8080-exec-8] INFO  [com.yxly.service.impl.LocationInfoServiceImpl] - 获取启用位置列表成功: count=1
2025-10-20 23:27:38.552 [http-nio-8080-exec-8] DEBUG [o.s.s.web.context.SecurityContextPersistenceFilter] - Cleared SecurityContextHolder to complete request
2025-10-20 23:30:44.276 [http-nio-8080-exec-9] DEBUG [org.springframework.security.web.FilterChainProxy] - Securing GET /v1/rooms/types
2025-10-20 23:30:44.276 [http-nio-8080-exec-9] DEBUG [o.s.s.web.context.SecurityContextPersistenceFilter] - Set SecurityContextHolder to empty SecurityContext
2025-10-20 23:30:44.283 [http-nio-8080-exec-9] DEBUG [com.yxly.security.UserDetailsServiceImpl] - 加载用户信息: admin
2025-10-20 23:30:44.299 [http-nio-8080-exec-9] DEBUG [o.s.s.w.access.intercept.FilterSecurityInterceptor] - Authorized filter invocation [GET /v1/rooms/types] with attributes [permitAll]
2025-10-20 23:30:44.299 [http-nio-8080-exec-9] DEBUG [org.springframework.security.web.FilterChainProxy] - Secured GET /v1/rooms/types
2025-10-20 23:30:44.299 [http-nio-8080-exec-9] INFO  [com.yxly.controller.user.UserRoomController] - 用户查询房型列表
2025-10-20 23:30:44.302 [http-nio-8080-exec-9] INFO  [com.yxly.service.impl.RoomServiceImpl] - 查询所有房型列表
2025-10-20 23:30:44.315 [http-nio-8080-exec-9] DEBUG [o.s.s.web.context.SecurityContextPersistenceFilter] - Cleared SecurityContextHolder to complete request
2025-10-20 23:30:44.494 [http-nio-8080-exec-10] DEBUG [org.springframework.security.web.FilterChainProxy] - Securing GET /v1/rooms?current=1&size=6
2025-10-20 23:30:44.494 [http-nio-8080-exec-10] DEBUG [o.s.s.web.context.SecurityContextPersistenceFilter] - Set SecurityContextHolder to empty SecurityContext
2025-10-20 23:30:44.497 [http-nio-8080-exec-10] DEBUG [com.yxly.security.UserDetailsServiceImpl] - 加载用户信息: admin
2025-10-20 23:30:44.503 [http-nio-8080-exec-10] DEBUG [o.s.s.w.access.intercept.FilterSecurityInterceptor] - Authorized filter invocation [GET /v1/rooms?current=1&size=6] with attributes [permitAll]
2025-10-20 23:30:44.503 [http-nio-8080-exec-10] DEBUG [org.springframework.security.web.FilterChainProxy] - Secured GET /v1/rooms?current=1&size=6
2025-10-20 23:30:44.505 [http-nio-8080-exec-10] INFO  [com.yxly.controller.user.UserRoomController] - 用户查询可用房间: current=1, size=6, roomTypeId=null, maxGuests=null, minPrice=null, maxPrice=null
2025-10-20 23:30:44.505 [http-nio-8080-exec-10] INFO  [com.yxly.service.impl.RoomServiceImpl] - 用户查询可用房间: roomTypeId=null, maxGuests=null, minPrice=null, maxPrice=null
2025-10-20 23:30:44.523 [http-nio-8080-exec-10] INFO  [com.yxly.service.impl.RoomServiceImpl] - 用户查询可用房间完成: total=5, records=5
2025-10-20 23:30:44.525 [http-nio-8080-exec-10] DEBUG [o.s.s.web.context.SecurityContextPersistenceFilter] - Cleared SecurityContextHolder to complete request
2025-10-20 23:30:56.051 [http-nio-8080-exec-1] DEBUG [org.springframework.security.web.FilterChainProxy] - Securing GET /user/bookings/my?current=1&size=10
2025-10-20 23:30:56.052 [http-nio-8080-exec-1] DEBUG [o.s.s.web.context.SecurityContextPersistenceFilter] - Set SecurityContextHolder to empty SecurityContext
2025-10-20 23:30:56.055 [http-nio-8080-exec-1] DEBUG [com.yxly.security.UserDetailsServiceImpl] - 加载用户信息: admin
2025-10-20 23:30:56.065 [http-nio-8080-exec-1] DEBUG [o.s.s.w.access.intercept.FilterSecurityInterceptor] - Authorized filter invocation [GET /user/bookings/my?current=1&size=10] with attributes [permitAll]
2025-10-20 23:30:56.065 [http-nio-8080-exec-1] DEBUG [org.springframework.security.web.FilterChainProxy] - Secured GET /user/bookings/my?current=1&size=10
2025-10-20 23:30:56.076 [http-nio-8080-exec-1] INFO  [com.yxly.service.impl.BookingOrderServiceImpl] - 分页查询用户订单: userId=5, current=1, size=10, status=null
2025-10-20 23:30:56.091 [http-nio-8080-exec-1] DEBUG [com.yxly.service.impl.BookingOrderServiceImpl] - 开始转换订单分页数据，共 1 条记录
2025-10-20 23:30:56.098 [http-nio-8080-exec-1] DEBUG [com.yxly.service.impl.BookingOrderServiceImpl] - 处理订单: id=27, orderNo=YX17608493364647835, roomId=1
2025-10-20 23:30:56.106 [http-nio-8080-exec-1] DEBUG [com.yxly.service.impl.BookingOrderServiceImpl] - 订单分页数据转换完成
2025-10-20 23:30:56.112 [http-nio-8080-exec-1] DEBUG [o.s.s.web.context.SecurityContextPersistenceFilter] - Cleared SecurityContextHolder to complete request
2025-10-20 23:30:56.186 [http-nio-8080-exec-2] DEBUG [org.springframework.security.web.FilterChainProxy] - Securing GET /placeholder/300/200
2025-10-20 23:30:56.186 [http-nio-8080-exec-3] DEBUG [org.springframework.security.web.FilterChainProxy] - Securing GET /user/bookings/my?current=1&size=1000
2025-10-20 23:30:56.186 [http-nio-8080-exec-2] DEBUG [o.s.s.web.context.SecurityContextPersistenceFilter] - Set SecurityContextHolder to empty SecurityContext
2025-10-20 23:30:56.186 [http-nio-8080-exec-3] DEBUG [o.s.s.web.context.SecurityContextPersistenceFilter] - Set SecurityContextHolder to empty SecurityContext
2025-10-20 23:30:56.186 [http-nio-8080-exec-2] DEBUG [o.s.s.w.a.AnonymousAuthenticationFilter] - Set SecurityContextHolder to anonymous SecurityContext
2025-10-20 23:30:56.187 [http-nio-8080-exec-2] DEBUG [o.s.s.w.access.intercept.FilterSecurityInterceptor] - Failed to authorize filter invocation [GET /placeholder/300/200] with attributes [authenticated]
2025-10-20 23:30:56.187 [http-nio-8080-exec-2] DEBUG [o.s.s.w.authentication.Http403ForbiddenEntryPoint] - Pre-authenticated entry point called. Rejecting access
2025-10-20 23:30:56.187 [http-nio-8080-exec-2] DEBUG [o.s.s.web.context.SecurityContextPersistenceFilter] - Cleared SecurityContextHolder to complete request
2025-10-20 23:30:56.188 [http-nio-8080-exec-2] DEBUG [org.springframework.security.web.FilterChainProxy] - Securing GET /error
2025-10-20 23:30:56.188 [http-nio-8080-exec-2] DEBUG [o.s.s.web.context.SecurityContextPersistenceFilter] - Set SecurityContextHolder to empty SecurityContext
2025-10-20 23:30:56.188 [http-nio-8080-exec-2] DEBUG [o.s.s.w.a.AnonymousAuthenticationFilter] - Set SecurityContextHolder to anonymous SecurityContext
2025-10-20 23:30:56.189 [http-nio-8080-exec-2] DEBUG [org.springframework.security.web.FilterChainProxy] - Secured GET /error
2025-10-20 23:30:56.190 [http-nio-8080-exec-3] DEBUG [com.yxly.security.UserDetailsServiceImpl] - 加载用户信息: admin
2025-10-20 23:30:56.191 [http-nio-8080-exec-2] DEBUG [o.s.s.web.context.SecurityContextPersistenceFilter] - Cleared SecurityContextHolder to complete request
2025-10-20 23:30:56.195 [http-nio-8080-exec-3] DEBUG [o.s.s.w.access.intercept.FilterSecurityInterceptor] - Authorized filter invocation [GET /user/bookings/my?current=1&size=1000] with attributes [permitAll]
2025-10-20 23:30:56.196 [http-nio-8080-exec-3] DEBUG [org.springframework.security.web.FilterChainProxy] - Secured GET /user/bookings/my?current=1&size=1000
2025-10-20 23:30:56.203 [http-nio-8080-exec-3] INFO  [com.yxly.service.impl.BookingOrderServiceImpl] - 分页查询用户订单: userId=5, current=1, size=1000, status=null
2025-10-20 23:30:56.216 [http-nio-8080-exec-3] DEBUG [com.yxly.service.impl.BookingOrderServiceImpl] - 开始转换订单分页数据，共 1 条记录
2025-10-20 23:30:56.216 [http-nio-8080-exec-3] DEBUG [com.yxly.service.impl.BookingOrderServiceImpl] - 处理订单: id=27, orderNo=YX17608493364647835, roomId=1
2025-10-20 23:30:56.224 [http-nio-8080-exec-3] DEBUG [com.yxly.service.impl.BookingOrderServiceImpl] - 订单分页数据转换完成
2025-10-20 23:30:56.226 [http-nio-8080-exec-3] DEBUG [o.s.s.web.context.SecurityContextPersistenceFilter] - Cleared SecurityContextHolder to complete request
2025-10-20 23:30:56.559 [http-nio-8080-exec-4] DEBUG [org.springframework.security.web.FilterChainProxy] - Securing GET /v1/location/list
2025-10-20 23:30:56.559 [http-nio-8080-exec-4] DEBUG [o.s.s.web.context.SecurityContextPersistenceFilter] - Set SecurityContextHolder to empty SecurityContext
2025-10-20 23:30:56.561 [http-nio-8080-exec-4] DEBUG [com.yxly.security.UserDetailsServiceImpl] - 加载用户信息: admin
2025-10-20 23:30:56.568 [http-nio-8080-exec-4] DEBUG [o.s.s.w.access.intercept.FilterSecurityInterceptor] - Authorized filter invocation [GET /v1/location/list] with attributes [authenticated]
2025-10-20 23:30:56.568 [http-nio-8080-exec-4] DEBUG [org.springframework.security.web.FilterChainProxy] - Secured GET /v1/location/list
2025-10-20 23:30:56.569 [http-nio-8080-exec-4] INFO  [com.yxly.controller.user.UserLocationController] - 用户查询所有启用的位置列表
2025-10-20 23:30:56.569 [http-nio-8080-exec-4] INFO  [com.yxly.service.impl.LocationInfoServiceImpl] - 获取所有启用的位置列表（用户端）
2025-10-20 23:30:56.573 [http-nio-8080-exec-4] INFO  [com.yxly.service.impl.LocationInfoServiceImpl] - 获取启用位置列表成功: count=1
2025-10-20 23:30:56.576 [http-nio-8080-exec-4] DEBUG [o.s.s.web.context.SecurityContextPersistenceFilter] - Cleared SecurityContextHolder to complete request
2025-10-20 23:31:02.259 [http-nio-8080-exec-5] DEBUG [org.springframework.security.web.FilterChainProxy] - Securing GET /v1/location/list
2025-10-20 23:31:02.260 [http-nio-8080-exec-5] DEBUG [o.s.s.web.context.SecurityContextPersistenceFilter] - Set SecurityContextHolder to empty SecurityContext
2025-10-20 23:31:02.262 [http-nio-8080-exec-5] DEBUG [com.yxly.security.UserDetailsServiceImpl] - 加载用户信息: admin
2025-10-20 23:31:02.268 [http-nio-8080-exec-5] DEBUG [o.s.s.w.access.intercept.FilterSecurityInterceptor] - Authorized filter invocation [GET /v1/location/list] with attributes [authenticated]
2025-10-20 23:31:02.268 [http-nio-8080-exec-5] DEBUG [org.springframework.security.web.FilterChainProxy] - Secured GET /v1/location/list
2025-10-20 23:31:02.268 [http-nio-8080-exec-5] INFO  [com.yxly.controller.user.UserLocationController] - 用户查询所有启用的位置列表
2025-10-20 23:31:02.268 [http-nio-8080-exec-5] INFO  [com.yxly.service.impl.LocationInfoServiceImpl] - 获取所有启用的位置列表（用户端）
2025-10-20 23:31:02.273 [http-nio-8080-exec-5] INFO  [com.yxly.service.impl.LocationInfoServiceImpl] - 获取启用位置列表成功: count=1
2025-10-20 23:31:02.274 [http-nio-8080-exec-5] DEBUG [o.s.s.web.context.SecurityContextPersistenceFilter] - Cleared SecurityContextHolder to complete request
2025-10-20 23:31:06.990 [http-nio-8080-exec-6] DEBUG [org.springframework.security.web.FilterChainProxy] - Securing GET /v1/rooms/types
2025-10-20 23:31:06.990 [http-nio-8080-exec-7] DEBUG [org.springframework.security.web.FilterChainProxy] - Securing GET /v1/rooms?current=1&size=6
2025-10-20 23:31:06.990 [http-nio-8080-exec-6] DEBUG [o.s.s.web.context.SecurityContextPersistenceFilter] - Set SecurityContextHolder to empty SecurityContext
2025-10-20 23:31:06.990 [http-nio-8080-exec-7] DEBUG [o.s.s.web.context.SecurityContextPersistenceFilter] - Set SecurityContextHolder to empty SecurityContext
2025-10-20 23:31:06.992 [http-nio-8080-exec-6] DEBUG [com.yxly.security.UserDetailsServiceImpl] - 加载用户信息: admin
2025-10-20 23:31:06.992 [http-nio-8080-exec-7] DEBUG [com.yxly.security.UserDetailsServiceImpl] - 加载用户信息: admin
2025-10-20 23:31:06.997 [http-nio-8080-exec-6] DEBUG [o.s.s.w.access.intercept.FilterSecurityInterceptor] - Authorized filter invocation [GET /v1/rooms/types] with attributes [permitAll]
2025-10-20 23:31:06.998 [http-nio-8080-exec-6] DEBUG [org.springframework.security.web.FilterChainProxy] - Secured GET /v1/rooms/types
2025-10-20 23:31:06.998 [http-nio-8080-exec-6] INFO  [com.yxly.controller.user.UserRoomController] - 用户查询房型列表
2025-10-20 23:31:06.999 [http-nio-8080-exec-7] DEBUG [o.s.s.w.access.intercept.FilterSecurityInterceptor] - Authorized filter invocation [GET /v1/rooms?current=1&size=6] with attributes [permitAll]
2025-10-20 23:31:06.999 [http-nio-8080-exec-6] INFO  [com.yxly.service.impl.RoomServiceImpl] - 查询所有房型列表
2025-10-20 23:31:06.999 [http-nio-8080-exec-7] DEBUG [org.springframework.security.web.FilterChainProxy] - Secured GET /v1/rooms?current=1&size=6
2025-10-20 23:31:07.001 [http-nio-8080-exec-7] INFO  [com.yxly.controller.user.UserRoomController] - 用户查询可用房间: current=1, size=6, roomTypeId=null, maxGuests=null, minPrice=null, maxPrice=null
2025-10-20 23:31:07.001 [http-nio-8080-exec-7] INFO  [com.yxly.service.impl.RoomServiceImpl] - 用户查询可用房间: roomTypeId=null, maxGuests=null, minPrice=null, maxPrice=null
2025-10-20 23:31:07.009 [http-nio-8080-exec-6] DEBUG [o.s.s.web.context.SecurityContextPersistenceFilter] - Cleared SecurityContextHolder to complete request
2025-10-20 23:31:07.013 [http-nio-8080-exec-7] INFO  [com.yxly.service.impl.RoomServiceImpl] - 用户查询可用房间完成: total=5, records=5
2025-10-20 23:31:07.015 [http-nio-8080-exec-7] DEBUG [o.s.s.web.context.SecurityContextPersistenceFilter] - Cleared SecurityContextHolder to complete request
2025-10-20 23:31:11.475 [http-nio-8080-exec-9] DEBUG [org.springframework.security.web.FilterChainProxy] - Securing GET /v1/user/recharge/records?current=1&size=10
2025-10-20 23:31:11.476 [http-nio-8080-exec-1] DEBUG [org.springframework.security.web.FilterChainProxy] - Securing GET /v1/user/financial-records/my?current=1&size=1000
2025-10-20 23:31:11.475 [http-nio-8080-exec-8] DEBUG [org.springframework.security.web.FilterChainProxy] - Securing GET /v1/user/recharge/balance
2025-10-20 23:31:11.476 [http-nio-8080-exec-1] DEBUG [o.s.s.web.context.SecurityContextPersistenceFilter] - Set SecurityContextHolder to empty SecurityContext
2025-10-20 23:31:11.476 [http-nio-8080-exec-10] DEBUG [org.springframework.security.web.FilterChainProxy] - Securing GET /v1/user/recharge/withdraw/records?current=1&size=10
2025-10-20 23:31:11.476 [http-nio-8080-exec-9] DEBUG [o.s.s.web.context.SecurityContextPersistenceFilter] - Set SecurityContextHolder to empty SecurityContext
2025-10-20 23:31:11.476 [http-nio-8080-exec-8] DEBUG [o.s.s.web.context.SecurityContextPersistenceFilter] - Set SecurityContextHolder to empty SecurityContext
2025-10-20 23:31:11.476 [http-nio-8080-exec-10] DEBUG [o.s.s.web.context.SecurityContextPersistenceFilter] - Set SecurityContextHolder to empty SecurityContext
2025-10-20 23:31:11.478 [http-nio-8080-exec-8] DEBUG [com.yxly.security.UserDetailsServiceImpl] - 加载用户信息: admin
2025-10-20 23:31:11.479 [http-nio-8080-exec-10] DEBUG [com.yxly.security.UserDetailsServiceImpl] - 加载用户信息: admin
2025-10-20 23:31:11.479 [http-nio-8080-exec-1] DEBUG [com.yxly.security.UserDetailsServiceImpl] - 加载用户信息: admin
2025-10-20 23:31:11.479 [http-nio-8080-exec-9] DEBUG [com.yxly.security.UserDetailsServiceImpl] - 加载用户信息: admin
2025-10-20 23:31:11.484 [http-nio-8080-exec-10] DEBUG [o.s.s.w.access.intercept.FilterSecurityInterceptor] - Authorized filter invocation [GET /v1/user/recharge/withdraw/records?current=1&size=10] with attributes [permitAll]
2025-10-20 23:31:11.484 [http-nio-8080-exec-8] DEBUG [o.s.s.w.access.intercept.FilterSecurityInterceptor] - Authorized filter invocation [GET /v1/user/recharge/balance] with attributes [permitAll]
2025-10-20 23:31:11.484 [http-nio-8080-exec-10] DEBUG [org.springframework.security.web.FilterChainProxy] - Secured GET /v1/user/recharge/withdraw/records?current=1&size=10
2025-10-20 23:31:11.484 [http-nio-8080-exec-8] DEBUG [org.springframework.security.web.FilterChainProxy] - Secured GET /v1/user/recharge/balance
2025-10-20 23:31:11.485 [http-nio-8080-exec-1] DEBUG [o.s.s.w.access.intercept.FilterSecurityInterceptor] - Authorized filter invocation [GET /v1/user/financial-records/my?current=1&size=1000] with attributes [permitAll]
2025-10-20 23:31:11.485 [http-nio-8080-exec-9] DEBUG [o.s.s.w.access.intercept.FilterSecurityInterceptor] - Authorized filter invocation [GET /v1/user/recharge/records?current=1&size=10] with attributes [permitAll]
2025-10-20 23:31:11.486 [http-nio-8080-exec-1] DEBUG [org.springframework.security.web.FilterChainProxy] - Secured GET /v1/user/financial-records/my?current=1&size=1000
2025-10-20 23:31:11.486 [http-nio-8080-exec-9] DEBUG [org.springframework.security.web.FilterChainProxy] - Secured GET /v1/user/recharge/records?current=1&size=10
2025-10-20 23:31:11.497 [http-nio-8080-exec-1] INFO  [com.yxly.controller.user.FinancialRecordController] - 用户获取财务记录: userId=5, current=1, size=1000, category=null
2025-10-20 23:31:11.497 [http-nio-8080-exec-1] INFO  [com.yxly.service.impl.FinancialRecordServiceImpl] - 获取用户财务记录: userId=5, current=1, size=1000, category=null
2025-10-20 23:31:11.499 [http-nio-8080-exec-8] INFO  [com.yxly.controller.user.UserRechargeController] - 获取用户余额成功，用户ID: 5, 余额: 18.00
2025-10-20 23:31:11.501 [http-nio-8080-exec-9] INFO  [com.yxly.service.impl.RechargeServiceImpl] - 分页查询用户充值记录: current=1, size=10, userId=5
2025-10-20 23:31:11.506 [http-nio-8080-exec-8] DEBUG [o.s.s.web.context.SecurityContextPersistenceFilter] - Cleared SecurityContextHolder to complete request
2025-10-20 23:31:11.517 [http-nio-8080-exec-1] INFO  [com.yxly.service.impl.FinancialRecordServiceImpl] - 获取用户财务记录成功，共0条
2025-10-20 23:31:11.521 [http-nio-8080-exec-1] DEBUG [o.s.s.web.context.SecurityContextPersistenceFilter] - Cleared SecurityContextHolder to complete request
2025-10-20 23:31:11.528 [http-nio-8080-exec-9] DEBUG [o.s.s.web.context.SecurityContextPersistenceFilter] - Cleared SecurityContextHolder to complete request
2025-10-20 23:31:11.528 [http-nio-8080-exec-10] DEBUG [o.s.s.web.context.SecurityContextPersistenceFilter] - Cleared SecurityContextHolder to complete request
2025-10-20 23:31:12.084 [http-nio-8080-exec-2] DEBUG [org.springframework.security.web.FilterChainProxy] - Securing GET /v1/location/list
2025-10-20 23:31:12.084 [http-nio-8080-exec-2] DEBUG [o.s.s.web.context.SecurityContextPersistenceFilter] - Set SecurityContextHolder to empty SecurityContext
2025-10-20 23:31:12.088 [http-nio-8080-exec-2] DEBUG [com.yxly.security.UserDetailsServiceImpl] - 加载用户信息: admin
2025-10-20 23:31:12.093 [http-nio-8080-exec-2] DEBUG [o.s.s.w.access.intercept.FilterSecurityInterceptor] - Authorized filter invocation [GET /v1/location/list] with attributes [authenticated]
2025-10-20 23:31:12.093 [http-nio-8080-exec-2] DEBUG [org.springframework.security.web.FilterChainProxy] - Secured GET /v1/location/list
2025-10-20 23:31:12.093 [http-nio-8080-exec-2] INFO  [com.yxly.controller.user.UserLocationController] - 用户查询所有启用的位置列表
2025-10-20 23:31:12.093 [http-nio-8080-exec-2] INFO  [com.yxly.service.impl.LocationInfoServiceImpl] - 获取所有启用的位置列表（用户端）
2025-10-20 23:31:12.098 [http-nio-8080-exec-2] INFO  [com.yxly.service.impl.LocationInfoServiceImpl] - 获取启用位置列表成功: count=1
2025-10-20 23:31:12.099 [http-nio-8080-exec-2] DEBUG [o.s.s.web.context.SecurityContextPersistenceFilter] - Cleared SecurityContextHolder to complete request
2025-10-20 23:31:31.053 [http-nio-8080-exec-3] DEBUG [org.springframework.security.web.FilterChainProxy] - Securing GET /v1/user/recharge/balance
2025-10-20 23:31:31.053 [http-nio-8080-exec-4] DEBUG [org.springframework.security.web.FilterChainProxy] - Securing GET /v1/user/recharge/records?current=1&size=10
2025-10-20 23:31:31.053 [http-nio-8080-exec-5] DEBUG [org.springframework.security.web.FilterChainProxy] - Securing GET /v1/user/financial-records/my?current=1&size=1000
2025-10-20 23:31:31.053 [http-nio-8080-exec-6] DEBUG [org.springframework.security.web.FilterChainProxy] - Securing GET /v1/user/recharge/withdraw/records?current=1&size=10
2025-10-20 23:31:31.053 [http-nio-8080-exec-3] DEBUG [o.s.s.web.context.SecurityContextPersistenceFilter] - Set SecurityContextHolder to empty SecurityContext
2025-10-20 23:31:31.053 [http-nio-8080-exec-4] DEBUG [o.s.s.web.context.SecurityContextPersistenceFilter] - Set SecurityContextHolder to empty SecurityContext
2025-10-20 23:31:31.053 [http-nio-8080-exec-5] DEBUG [o.s.s.web.context.SecurityContextPersistenceFilter] - Set SecurityContextHolder to empty SecurityContext
2025-10-20 23:31:31.053 [http-nio-8080-exec-6] DEBUG [o.s.s.web.context.SecurityContextPersistenceFilter] - Set SecurityContextHolder to empty SecurityContext
2025-10-20 23:31:31.056 [http-nio-8080-exec-3] DEBUG [com.yxly.security.UserDetailsServiceImpl] - 加载用户信息: admin
2025-10-20 23:31:31.056 [http-nio-8080-exec-5] DEBUG [com.yxly.security.UserDetailsServiceImpl] - 加载用户信息: admin
2025-10-20 23:31:31.057 [http-nio-8080-exec-4] DEBUG [com.yxly.security.UserDetailsServiceImpl] - 加载用户信息: admin
2025-10-20 23:31:31.057 [http-nio-8080-exec-6] DEBUG [com.yxly.security.UserDetailsServiceImpl] - 加载用户信息: admin
2025-10-20 23:31:31.063 [http-nio-8080-exec-5] DEBUG [o.s.s.w.access.intercept.FilterSecurityInterceptor] - Authorized filter invocation [GET /v1/user/financial-records/my?current=1&size=1000] with attributes [permitAll]
2025-10-20 23:31:31.064 [http-nio-8080-exec-5] DEBUG [org.springframework.security.web.FilterChainProxy] - Secured GET /v1/user/financial-records/my?current=1&size=1000
2025-10-20 23:31:31.065 [http-nio-8080-exec-3] DEBUG [o.s.s.w.access.intercept.FilterSecurityInterceptor] - Authorized filter invocation [GET /v1/user/recharge/balance] with attributes [permitAll]
2025-10-20 23:31:31.065 [http-nio-8080-exec-3] DEBUG [org.springframework.security.web.FilterChainProxy] - Secured GET /v1/user/recharge/balance
2025-10-20 23:31:31.069 [http-nio-8080-exec-4] DEBUG [o.s.s.w.access.intercept.FilterSecurityInterceptor] - Authorized filter invocation [GET /v1/user/recharge/records?current=1&size=10] with attributes [permitAll]
2025-10-20 23:31:31.069 [http-nio-8080-exec-6] DEBUG [o.s.s.w.access.intercept.FilterSecurityInterceptor] - Authorized filter invocation [GET /v1/user/recharge/withdraw/records?current=1&size=10] with attributes [permitAll]
2025-10-20 23:31:31.069 [http-nio-8080-exec-4] DEBUG [org.springframework.security.web.FilterChainProxy] - Secured GET /v1/user/recharge/records?current=1&size=10
2025-10-20 23:31:31.069 [http-nio-8080-exec-6] DEBUG [org.springframework.security.web.FilterChainProxy] - Secured GET /v1/user/recharge/withdraw/records?current=1&size=10
2025-10-20 23:31:31.079 [http-nio-8080-exec-5] INFO  [com.yxly.controller.user.FinancialRecordController] - 用户获取财务记录: userId=5, current=1, size=1000, category=null
2025-10-20 23:31:31.079 [http-nio-8080-exec-5] INFO  [com.yxly.service.impl.FinancialRecordServiceImpl] - 获取用户财务记录: userId=5, current=1, size=1000, category=null
2025-10-20 23:31:31.080 [http-nio-8080-exec-4] INFO  [com.yxly.service.impl.RechargeServiceImpl] - 分页查询用户充值记录: current=1, size=10, userId=5
2025-10-20 23:31:31.082 [http-nio-8080-exec-3] INFO  [com.yxly.controller.user.UserRechargeController] - 获取用户余额成功，用户ID: 5, 余额: 18.00
2025-10-20 23:31:31.083 [http-nio-8080-exec-3] DEBUG [o.s.s.web.context.SecurityContextPersistenceFilter] - Cleared SecurityContextHolder to complete request
2025-10-20 23:31:31.088 [http-nio-8080-exec-5] INFO  [com.yxly.service.impl.FinancialRecordServiceImpl] - 获取用户财务记录成功，共0条
2025-10-20 23:31:31.091 [http-nio-8080-exec-5] DEBUG [o.s.s.web.context.SecurityContextPersistenceFilter] - Cleared SecurityContextHolder to complete request
2025-10-20 23:31:31.095 [http-nio-8080-exec-4] DEBUG [o.s.s.web.context.SecurityContextPersistenceFilter] - Cleared SecurityContextHolder to complete request
2025-10-20 23:31:31.098 [http-nio-8080-exec-6] DEBUG [o.s.s.web.context.SecurityContextPersistenceFilter] - Cleared SecurityContextHolder to complete request
2025-10-20 23:31:33.768 [http-nio-8080-exec-7] DEBUG [org.springframework.security.web.FilterChainProxy] - Securing GET /user/bookings/my?current=1&size=10
2025-10-20 23:31:33.768 [http-nio-8080-exec-7] DEBUG [o.s.s.web.context.SecurityContextPersistenceFilter] - Set SecurityContextHolder to empty SecurityContext
2025-10-20 23:31:33.771 [http-nio-8080-exec-7] DEBUG [com.yxly.security.UserDetailsServiceImpl] - 加载用户信息: admin
2025-10-20 23:31:33.781 [http-nio-8080-exec-7] DEBUG [o.s.s.w.access.intercept.FilterSecurityInterceptor] - Authorized filter invocation [GET /user/bookings/my?current=1&size=10] with attributes [permitAll]
2025-10-20 23:31:33.781 [http-nio-8080-exec-7] DEBUG [org.springframework.security.web.FilterChainProxy] - Secured GET /user/bookings/my?current=1&size=10
2025-10-20 23:31:33.787 [http-nio-8080-exec-7] INFO  [com.yxly.service.impl.BookingOrderServiceImpl] - 分页查询用户订单: userId=5, current=1, size=10, status=null
2025-10-20 23:31:33.794 [http-nio-8080-exec-7] DEBUG [com.yxly.service.impl.BookingOrderServiceImpl] - 开始转换订单分页数据，共 1 条记录
2025-10-20 23:31:33.794 [http-nio-8080-exec-7] DEBUG [com.yxly.service.impl.BookingOrderServiceImpl] - 处理订单: id=27, orderNo=YX17608493364647835, roomId=1
2025-10-20 23:31:33.798 [http-nio-8080-exec-7] DEBUG [com.yxly.service.impl.BookingOrderServiceImpl] - 订单分页数据转换完成
2025-10-20 23:31:33.799 [http-nio-8080-exec-7] DEBUG [o.s.s.web.context.SecurityContextPersistenceFilter] - Cleared SecurityContextHolder to complete request
2025-10-20 23:31:33.816 [http-nio-8080-exec-8] DEBUG [org.springframework.security.web.FilterChainProxy] - Securing GET /placeholder/300/200
2025-10-20 23:31:33.816 [http-nio-8080-exec-8] DEBUG [o.s.s.web.context.SecurityContextPersistenceFilter] - Set SecurityContextHolder to empty SecurityContext
2025-10-20 23:31:33.816 [http-nio-8080-exec-8] DEBUG [o.s.s.w.a.AnonymousAuthenticationFilter] - Set SecurityContextHolder to anonymous SecurityContext
2025-10-20 23:31:33.817 [http-nio-8080-exec-8] DEBUG [o.s.s.w.access.intercept.FilterSecurityInterceptor] - Failed to authorize filter invocation [GET /placeholder/300/200] with attributes [authenticated]
2025-10-20 23:31:33.817 [http-nio-8080-exec-8] DEBUG [o.s.s.w.authentication.Http403ForbiddenEntryPoint] - Pre-authenticated entry point called. Rejecting access
2025-10-20 23:31:33.817 [http-nio-8080-exec-8] DEBUG [o.s.s.web.context.SecurityContextPersistenceFilter] - Cleared SecurityContextHolder to complete request
2025-10-20 23:31:33.818 [http-nio-8080-exec-8] DEBUG [org.springframework.security.web.FilterChainProxy] - Securing GET /error
2025-10-20 23:31:33.818 [http-nio-8080-exec-8] DEBUG [o.s.s.web.context.SecurityContextPersistenceFilter] - Set SecurityContextHolder to empty SecurityContext
2025-10-20 23:31:33.818 [http-nio-8080-exec-8] DEBUG [o.s.s.w.a.AnonymousAuthenticationFilter] - Set SecurityContextHolder to anonymous SecurityContext
2025-10-20 23:31:33.818 [http-nio-8080-exec-8] DEBUG [org.springframework.security.web.FilterChainProxy] - Secured GET /error
2025-10-20 23:31:33.820 [http-nio-8080-exec-8] DEBUG [o.s.s.web.context.SecurityContextPersistenceFilter] - Cleared SecurityContextHolder to complete request
2025-10-20 23:31:34.032 [http-nio-8080-exec-1] DEBUG [org.springframework.security.web.FilterChainProxy] - Securing GET /user/bookings/my?current=1&size=1000
2025-10-20 23:31:34.032 [http-nio-8080-exec-1] DEBUG [o.s.s.web.context.SecurityContextPersistenceFilter] - Set SecurityContextHolder to empty SecurityContext
2025-10-20 23:31:34.034 [http-nio-8080-exec-1] DEBUG [com.yxly.security.UserDetailsServiceImpl] - 加载用户信息: admin
2025-10-20 23:31:34.039 [http-nio-8080-exec-1] DEBUG [o.s.s.w.access.intercept.FilterSecurityInterceptor] - Authorized filter invocation [GET /user/bookings/my?current=1&size=1000] with attributes [permitAll]
2025-10-20 23:31:34.039 [http-nio-8080-exec-1] DEBUG [org.springframework.security.web.FilterChainProxy] - Secured GET /user/bookings/my?current=1&size=1000
2025-10-20 23:31:34.041 [http-nio-8080-exec-1] INFO  [com.yxly.service.impl.BookingOrderServiceImpl] - 分页查询用户订单: userId=5, current=1, size=1000, status=null
2025-10-20 23:31:34.051 [http-nio-8080-exec-1] DEBUG [com.yxly.service.impl.BookingOrderServiceImpl] - 开始转换订单分页数据，共 1 条记录
2025-10-20 23:31:34.051 [http-nio-8080-exec-1] DEBUG [com.yxly.service.impl.BookingOrderServiceImpl] - 处理订单: id=27, orderNo=YX17608493364647835, roomId=1
2025-10-20 23:31:34.057 [http-nio-8080-exec-1] DEBUG [com.yxly.service.impl.BookingOrderServiceImpl] - 订单分页数据转换完成
2025-10-20 23:31:34.058 [http-nio-8080-exec-1] DEBUG [o.s.s.web.context.SecurityContextPersistenceFilter] - Cleared SecurityContextHolder to complete request
2025-10-20 23:31:40.904 [http-nio-8080-exec-10] DEBUG [org.springframework.security.web.FilterChainProxy] - Securing GET /placeholder/400/300
2025-10-20 23:31:40.904 [http-nio-8080-exec-10] DEBUG [o.s.s.web.context.SecurityContextPersistenceFilter] - Set SecurityContextHolder to empty SecurityContext
2025-10-20 23:31:40.904 [http-nio-8080-exec-10] DEBUG [o.s.s.w.a.AnonymousAuthenticationFilter] - Set SecurityContextHolder to anonymous SecurityContext
2025-10-20 23:31:40.904 [http-nio-8080-exec-10] DEBUG [o.s.s.w.access.intercept.FilterSecurityInterceptor] - Failed to authorize filter invocation [GET /placeholder/400/300] with attributes [authenticated]
2025-10-20 23:31:40.906 [http-nio-8080-exec-10] DEBUG [o.s.s.w.authentication.Http403ForbiddenEntryPoint] - Pre-authenticated entry point called. Rejecting access
2025-10-20 23:31:40.906 [http-nio-8080-exec-10] DEBUG [o.s.s.web.context.SecurityContextPersistenceFilter] - Cleared SecurityContextHolder to complete request
2025-10-20 23:31:40.906 [http-nio-8080-exec-10] DEBUG [org.springframework.security.web.FilterChainProxy] - Securing GET /error
2025-10-20 23:31:40.907 [http-nio-8080-exec-10] DEBUG [o.s.s.web.context.SecurityContextPersistenceFilter] - Set SecurityContextHolder to empty SecurityContext
2025-10-20 23:31:40.907 [http-nio-8080-exec-10] DEBUG [o.s.s.w.a.AnonymousAuthenticationFilter] - Set SecurityContextHolder to anonymous SecurityContext
2025-10-20 23:31:40.907 [http-nio-8080-exec-10] DEBUG [org.springframework.security.web.FilterChainProxy] - Secured GET /error
2025-10-20 23:31:40.909 [http-nio-8080-exec-10] DEBUG [o.s.s.web.context.SecurityContextPersistenceFilter] - Cleared SecurityContextHolder to complete request
2025-10-20 23:32:01.548 [http-nio-8080-exec-9] DEBUG [org.springframework.security.web.FilterChainProxy] - Securing GET /placeholder/400/300
2025-10-20 23:32:01.549 [http-nio-8080-exec-9] DEBUG [o.s.s.web.context.SecurityContextPersistenceFilter] - Set SecurityContextHolder to empty SecurityContext
2025-10-20 23:32:01.549 [http-nio-8080-exec-9] DEBUG [o.s.s.w.a.AnonymousAuthenticationFilter] - Set SecurityContextHolder to anonymous SecurityContext
2025-10-20 23:32:01.549 [http-nio-8080-exec-9] DEBUG [o.s.s.w.access.intercept.FilterSecurityInterceptor] - Failed to authorize filter invocation [GET /placeholder/400/300] with attributes [authenticated]
2025-10-20 23:32:01.550 [http-nio-8080-exec-9] DEBUG [o.s.s.w.authentication.Http403ForbiddenEntryPoint] - Pre-authenticated entry point called. Rejecting access
2025-10-20 23:32:01.550 [http-nio-8080-exec-9] DEBUG [o.s.s.web.context.SecurityContextPersistenceFilter] - Cleared SecurityContextHolder to complete request
2025-10-20 23:32:01.551 [http-nio-8080-exec-9] DEBUG [org.springframework.security.web.FilterChainProxy] - Securing GET /error
2025-10-20 23:32:01.551 [http-nio-8080-exec-9] DEBUG [o.s.s.web.context.SecurityContextPersistenceFilter] - Set SecurityContextHolder to empty SecurityContext
2025-10-20 23:32:01.551 [http-nio-8080-exec-9] DEBUG [o.s.s.w.a.AnonymousAuthenticationFilter] - Set SecurityContextHolder to anonymous SecurityContext
2025-10-20 23:32:01.551 [http-nio-8080-exec-9] DEBUG [org.springframework.security.web.FilterChainProxy] - Secured GET /error
2025-10-20 23:32:01.554 [http-nio-8080-exec-9] DEBUG [o.s.s.web.context.SecurityContextPersistenceFilter] - Cleared SecurityContextHolder to complete request
2025-10-20 23:32:08.357 [http-nio-8080-exec-2] DEBUG [org.springframework.security.web.FilterChainProxy] - Securing GET /user/bookings/my?current=1&size=10
2025-10-20 23:32:08.357 [http-nio-8080-exec-2] DEBUG [o.s.s.web.context.SecurityContextPersistenceFilter] - Set SecurityContextHolder to empty SecurityContext
2025-10-20 23:32:08.360 [http-nio-8080-exec-2] DEBUG [com.yxly.security.UserDetailsServiceImpl] - 加载用户信息: admin
2025-10-20 23:32:08.364 [http-nio-8080-exec-2] DEBUG [o.s.s.w.access.intercept.FilterSecurityInterceptor] - Authorized filter invocation [GET /user/bookings/my?current=1&size=10] with attributes [permitAll]
2025-10-20 23:32:08.364 [http-nio-8080-exec-2] DEBUG [org.springframework.security.web.FilterChainProxy] - Secured GET /user/bookings/my?current=1&size=10
2025-10-20 23:32:08.367 [http-nio-8080-exec-2] INFO  [com.yxly.service.impl.BookingOrderServiceImpl] - 分页查询用户订单: userId=5, current=1, size=10, status=null
2025-10-20 23:32:08.374 [http-nio-8080-exec-2] DEBUG [com.yxly.service.impl.BookingOrderServiceImpl] - 开始转换订单分页数据，共 1 条记录
2025-10-20 23:32:08.374 [http-nio-8080-exec-2] DEBUG [com.yxly.service.impl.BookingOrderServiceImpl] - 处理订单: id=27, orderNo=YX17608493364647835, roomId=1
2025-10-20 23:32:08.378 [http-nio-8080-exec-2] DEBUG [com.yxly.service.impl.BookingOrderServiceImpl] - 订单分页数据转换完成
2025-10-20 23:32:08.379 [http-nio-8080-exec-2] DEBUG [o.s.s.web.context.SecurityContextPersistenceFilter] - Cleared SecurityContextHolder to complete request
2025-10-20 23:32:08.395 [http-nio-8080-exec-3] DEBUG [org.springframework.security.web.FilterChainProxy] - Securing GET /placeholder/300/200
2025-10-20 23:32:08.395 [http-nio-8080-exec-3] DEBUG [o.s.s.web.context.SecurityContextPersistenceFilter] - Set SecurityContextHolder to empty SecurityContext
2025-10-20 23:32:08.396 [http-nio-8080-exec-3] DEBUG [o.s.s.w.a.AnonymousAuthenticationFilter] - Set SecurityContextHolder to anonymous SecurityContext
2025-10-20 23:32:08.396 [http-nio-8080-exec-3] DEBUG [o.s.s.w.access.intercept.FilterSecurityInterceptor] - Failed to authorize filter invocation [GET /placeholder/300/200] with attributes [authenticated]
2025-10-20 23:32:08.396 [http-nio-8080-exec-3] DEBUG [o.s.s.w.authentication.Http403ForbiddenEntryPoint] - Pre-authenticated entry point called. Rejecting access
2025-10-20 23:32:08.396 [http-nio-8080-exec-3] DEBUG [o.s.s.web.context.SecurityContextPersistenceFilter] - Cleared SecurityContextHolder to complete request
2025-10-20 23:32:08.397 [http-nio-8080-exec-3] DEBUG [org.springframework.security.web.FilterChainProxy] - Securing GET /error
2025-10-20 23:32:08.397 [http-nio-8080-exec-3] DEBUG [o.s.s.web.context.SecurityContextPersistenceFilter] - Set SecurityContextHolder to empty SecurityContext
2025-10-20 23:32:08.397 [http-nio-8080-exec-3] DEBUG [o.s.s.w.a.AnonymousAuthenticationFilter] - Set SecurityContextHolder to anonymous SecurityContext
2025-10-20 23:32:08.397 [http-nio-8080-exec-3] DEBUG [org.springframework.security.web.FilterChainProxy] - Secured GET /error
2025-10-20 23:32:08.397 [http-nio-8080-exec-3] DEBUG [o.s.s.web.context.SecurityContextPersistenceFilter] - Cleared SecurityContextHolder to complete request
2025-10-20 23:32:08.609 [http-nio-8080-exec-5] DEBUG [org.springframework.security.web.FilterChainProxy] - Securing GET /user/bookings/my?current=1&size=1000
2025-10-20 23:32:08.609 [http-nio-8080-exec-5] DEBUG [o.s.s.web.context.SecurityContextPersistenceFilter] - Set SecurityContextHolder to empty SecurityContext
2025-10-20 23:32:08.611 [http-nio-8080-exec-5] DEBUG [com.yxly.security.UserDetailsServiceImpl] - 加载用户信息: admin
2025-10-20 23:32:08.614 [http-nio-8080-exec-5] DEBUG [o.s.s.w.access.intercept.FilterSecurityInterceptor] - Authorized filter invocation [GET /user/bookings/my?current=1&size=1000] with attributes [permitAll]
2025-10-20 23:32:08.614 [http-nio-8080-exec-5] DEBUG [org.springframework.security.web.FilterChainProxy] - Secured GET /user/bookings/my?current=1&size=1000
2025-10-20 23:32:08.618 [http-nio-8080-exec-5] INFO  [com.yxly.service.impl.BookingOrderServiceImpl] - 分页查询用户订单: userId=5, current=1, size=1000, status=null
2025-10-20 23:32:08.624 [http-nio-8080-exec-5] DEBUG [com.yxly.service.impl.BookingOrderServiceImpl] - 开始转换订单分页数据，共 1 条记录
2025-10-20 23:32:08.624 [http-nio-8080-exec-5] DEBUG [com.yxly.service.impl.BookingOrderServiceImpl] - 处理订单: id=27, orderNo=YX17608493364647835, roomId=1
2025-10-20 23:32:08.629 [http-nio-8080-exec-5] DEBUG [com.yxly.service.impl.BookingOrderServiceImpl] - 订单分页数据转换完成
2025-10-20 23:32:08.633 [http-nio-8080-exec-5] DEBUG [o.s.s.web.context.SecurityContextPersistenceFilter] - Cleared SecurityContextHolder to complete request
2025-10-20 23:32:11.011 [http-nio-8080-exec-4] DEBUG [org.springframework.security.web.FilterChainProxy] - Securing GET /v1/user/recharge/balance
2025-10-20 23:32:11.011 [http-nio-8080-exec-4] DEBUG [o.s.s.web.context.SecurityContextPersistenceFilter] - Set SecurityContextHolder to empty SecurityContext
2025-10-20 23:32:11.013 [http-nio-8080-exec-4] DEBUG [com.yxly.security.UserDetailsServiceImpl] - 加载用户信息: admin
2025-10-20 23:32:11.016 [http-nio-8080-exec-4] DEBUG [o.s.s.w.access.intercept.FilterSecurityInterceptor] - Authorized filter invocation [GET /v1/user/recharge/balance] with attributes [permitAll]
2025-10-20 23:32:11.016 [http-nio-8080-exec-4] DEBUG [org.springframework.security.web.FilterChainProxy] - Secured GET /v1/user/recharge/balance
2025-10-20 23:32:11.025 [http-nio-8080-exec-4] INFO  [com.yxly.controller.user.UserRechargeController] - 获取用户余额成功，用户ID: 5, 余额: 18.00
2025-10-20 23:32:11.026 [http-nio-8080-exec-4] DEBUG [o.s.s.web.context.SecurityContextPersistenceFilter] - Cleared SecurityContextHolder to complete request
2025-10-20 23:32:11.326 [http-nio-8080-exec-7] DEBUG [org.springframework.security.web.FilterChainProxy] - Securing GET /v1/user/financial-records/my?current=1&size=1000
2025-10-20 23:32:11.326 [http-nio-8080-exec-6] DEBUG [org.springframework.security.web.FilterChainProxy] - Securing GET /v1/user/recharge/records?current=1&size=10
2025-10-20 23:32:11.326 [http-nio-8080-exec-8] DEBUG [org.springframework.security.web.FilterChainProxy] - Securing GET /v1/user/recharge/withdraw/records?current=1&size=10
2025-10-20 23:32:11.326 [http-nio-8080-exec-8] DEBUG [o.s.s.web.context.SecurityContextPersistenceFilter] - Set SecurityContextHolder to empty SecurityContext
2025-10-20 23:32:11.326 [http-nio-8080-exec-7] DEBUG [o.s.s.web.context.SecurityContextPersistenceFilter] - Set SecurityContextHolder to empty SecurityContext
2025-10-20 23:32:11.326 [http-nio-8080-exec-6] DEBUG [o.s.s.web.context.SecurityContextPersistenceFilter] - Set SecurityContextHolder to empty SecurityContext
2025-10-20 23:32:11.329 [http-nio-8080-exec-7] DEBUG [com.yxly.security.UserDetailsServiceImpl] - 加载用户信息: admin
2025-10-20 23:32:11.329 [http-nio-8080-exec-6] DEBUG [com.yxly.security.UserDetailsServiceImpl] - 加载用户信息: admin
2025-10-20 23:32:11.329 [http-nio-8080-exec-8] DEBUG [com.yxly.security.UserDetailsServiceImpl] - 加载用户信息: admin
2025-10-20 23:32:11.334 [http-nio-8080-exec-8] DEBUG [o.s.s.w.access.intercept.FilterSecurityInterceptor] - Authorized filter invocation [GET /v1/user/recharge/withdraw/records?current=1&size=10] with attributes [permitAll]
2025-10-20 23:32:11.334 [http-nio-8080-exec-8] DEBUG [org.springframework.security.web.FilterChainProxy] - Secured GET /v1/user/recharge/withdraw/records?current=1&size=10
2025-10-20 23:32:11.334 [http-nio-8080-exec-6] DEBUG [o.s.s.w.access.intercept.FilterSecurityInterceptor] - Authorized filter invocation [GET /v1/user/recharge/records?current=1&size=10] with attributes [permitAll]
2025-10-20 23:32:11.335 [http-nio-8080-exec-6] DEBUG [org.springframework.security.web.FilterChainProxy] - Secured GET /v1/user/recharge/records?current=1&size=10
2025-10-20 23:32:11.335 [http-nio-8080-exec-7] DEBUG [o.s.s.w.access.intercept.FilterSecurityInterceptor] - Authorized filter invocation [GET /v1/user/financial-records/my?current=1&size=1000] with attributes [permitAll]
2025-10-20 23:32:11.335 [http-nio-8080-exec-7] DEBUG [org.springframework.security.web.FilterChainProxy] - Secured GET /v1/user/financial-records/my?current=1&size=1000
2025-10-20 23:32:11.339 [http-nio-8080-exec-6] INFO  [com.yxly.service.impl.RechargeServiceImpl] - 分页查询用户充值记录: current=1, size=10, userId=5
2025-10-20 23:32:11.339 [http-nio-8080-exec-7] INFO  [com.yxly.controller.user.FinancialRecordController] - 用户获取财务记录: userId=5, current=1, size=1000, category=null
2025-10-20 23:32:11.339 [http-nio-8080-exec-7] INFO  [com.yxly.service.impl.FinancialRecordServiceImpl] - 获取用户财务记录: userId=5, current=1, size=1000, category=null
2025-10-20 23:32:11.344 [http-nio-8080-exec-7] INFO  [com.yxly.service.impl.FinancialRecordServiceImpl] - 获取用户财务记录成功，共0条
2025-10-20 23:32:11.345 [http-nio-8080-exec-7] DEBUG [o.s.s.web.context.SecurityContextPersistenceFilter] - Cleared SecurityContextHolder to complete request
2025-10-20 23:32:11.348 [http-nio-8080-exec-6] DEBUG [o.s.s.web.context.SecurityContextPersistenceFilter] - Cleared SecurityContextHolder to complete request
2025-10-20 23:32:11.348 [http-nio-8080-exec-8] DEBUG [o.s.s.web.context.SecurityContextPersistenceFilter] - Cleared SecurityContextHolder to complete request
2025-10-20 23:32:13.076 [http-nio-8080-exec-1] DEBUG [org.springframework.security.web.FilterChainProxy] - Securing GET /v1/rooms/types
2025-10-20 23:32:13.078 [http-nio-8080-exec-1] DEBUG [o.s.s.web.context.SecurityContextPersistenceFilter] - Set SecurityContextHolder to empty SecurityContext
2025-10-20 23:32:13.080 [http-nio-8080-exec-1] DEBUG [com.yxly.security.UserDetailsServiceImpl] - 加载用户信息: admin
2025-10-20 23:32:13.088 [http-nio-8080-exec-1] DEBUG [o.s.s.w.access.intercept.FilterSecurityInterceptor] - Authorized filter invocation [GET /v1/rooms/types] with attributes [permitAll]
2025-10-20 23:32:13.088 [http-nio-8080-exec-1] DEBUG [org.springframework.security.web.FilterChainProxy] - Secured GET /v1/rooms/types
2025-10-20 23:32:13.088 [http-nio-8080-exec-1] INFO  [com.yxly.controller.user.UserRoomController] - 用户查询房型列表
2025-10-20 23:32:13.088 [http-nio-8080-exec-1] INFO  [com.yxly.service.impl.RoomServiceImpl] - 查询所有房型列表
2025-10-20 23:32:13.098 [http-nio-8080-exec-1] DEBUG [o.s.s.web.context.SecurityContextPersistenceFilter] - Cleared SecurityContextHolder to complete request
2025-10-20 23:32:13.328 [http-nio-8080-exec-10] DEBUG [org.springframework.security.web.FilterChainProxy] - Securing GET /v1/rooms?current=1&size=6
2025-10-20 23:32:13.328 [http-nio-8080-exec-10] DEBUG [o.s.s.web.context.SecurityContextPersistenceFilter] - Set SecurityContextHolder to empty SecurityContext
2025-10-20 23:32:13.331 [http-nio-8080-exec-10] DEBUG [com.yxly.security.UserDetailsServiceImpl] - 加载用户信息: admin
2025-10-20 23:32:13.333 [http-nio-8080-exec-10] DEBUG [o.s.s.w.access.intercept.FilterSecurityInterceptor] - Authorized filter invocation [GET /v1/rooms?current=1&size=6] with attributes [permitAll]
2025-10-20 23:32:13.333 [http-nio-8080-exec-10] DEBUG [org.springframework.security.web.FilterChainProxy] - Secured GET /v1/rooms?current=1&size=6
2025-10-20 23:32:13.334 [http-nio-8080-exec-10] INFO  [com.yxly.controller.user.UserRoomController] - 用户查询可用房间: current=1, size=6, roomTypeId=null, maxGuests=null, minPrice=null, maxPrice=null
2025-10-20 23:32:13.334 [http-nio-8080-exec-10] INFO  [com.yxly.service.impl.RoomServiceImpl] - 用户查询可用房间: roomTypeId=null, maxGuests=null, minPrice=null, maxPrice=null
2025-10-20 23:32:13.339 [http-nio-8080-exec-10] INFO  [com.yxly.service.impl.RoomServiceImpl] - 用户查询可用房间完成: total=5, records=5
2025-10-20 23:32:13.341 [http-nio-8080-exec-10] DEBUG [o.s.s.web.context.SecurityContextPersistenceFilter] - Cleared SecurityContextHolder to complete request
2025-10-20 23:32:16.321 [http-nio-8080-exec-9] DEBUG [org.springframework.security.web.FilterChainProxy] - Securing GET /v1/rooms/1
2025-10-20 23:32:16.321 [http-nio-8080-exec-9] DEBUG [o.s.s.web.context.SecurityContextPersistenceFilter] - Set SecurityContextHolder to empty SecurityContext
2025-10-20 23:32:16.324 [http-nio-8080-exec-9] DEBUG [com.yxly.security.UserDetailsServiceImpl] - 加载用户信息: admin
2025-10-20 23:32:16.328 [http-nio-8080-exec-9] DEBUG [o.s.s.w.access.intercept.FilterSecurityInterceptor] - Authorized filter invocation [GET /v1/rooms/1] with attributes [permitAll]
2025-10-20 23:32:16.329 [http-nio-8080-exec-9] DEBUG [org.springframework.security.web.FilterChainProxy] - Secured GET /v1/rooms/1
2025-10-20 23:32:16.330 [http-nio-8080-exec-9] INFO  [com.yxly.controller.user.UserRoomController] - 用户查询房间详情: id=1
2025-10-20 23:32:16.331 [http-nio-8080-exec-9] INFO  [com.yxly.service.impl.RoomServiceImpl] - 查询房间详情: id=1
2025-10-20 23:32:16.339 [http-nio-8080-exec-9] DEBUG [o.s.s.web.context.SecurityContextPersistenceFilter] - Cleared SecurityContextHolder to complete request
2025-10-20 23:32:27.310 [http-nio-8080-exec-3] DEBUG [org.springframework.security.web.FilterChainProxy] - Securing GET /v1/rooms?current=1&size=6
2025-10-20 23:32:27.310 [http-nio-8080-exec-2] DEBUG [org.springframework.security.web.FilterChainProxy] - Securing GET /v1/rooms/types
2025-10-20 23:32:27.310 [http-nio-8080-exec-3] DEBUG [o.s.s.web.context.SecurityContextPersistenceFilter] - Set SecurityContextHolder to empty SecurityContext
2025-10-20 23:32:27.310 [http-nio-8080-exec-2] DEBUG [o.s.s.web.context.SecurityContextPersistenceFilter] - Set SecurityContextHolder to empty SecurityContext
2025-10-20 23:32:27.313 [http-nio-8080-exec-2] DEBUG [com.yxly.security.UserDetailsServiceImpl] - 加载用户信息: admin
2025-10-20 23:32:27.313 [http-nio-8080-exec-3] DEBUG [com.yxly.security.UserDetailsServiceImpl] - 加载用户信息: admin
2025-10-20 23:32:27.318 [http-nio-8080-exec-2] DEBUG [o.s.s.w.access.intercept.FilterSecurityInterceptor] - Authorized filter invocation [GET /v1/rooms/types] with attributes [permitAll]
2025-10-20 23:32:27.318 [http-nio-8080-exec-3] DEBUG [o.s.s.w.access.intercept.FilterSecurityInterceptor] - Authorized filter invocation [GET /v1/rooms?current=1&size=6] with attributes [permitAll]
2025-10-20 23:32:27.318 [http-nio-8080-exec-2] DEBUG [org.springframework.security.web.FilterChainProxy] - Secured GET /v1/rooms/types
2025-10-20 23:32:27.318 [http-nio-8080-exec-3] DEBUG [org.springframework.security.web.FilterChainProxy] - Secured GET /v1/rooms?current=1&size=6
2025-10-20 23:32:27.318 [http-nio-8080-exec-2] INFO  [com.yxly.controller.user.UserRoomController] - 用户查询房型列表
2025-10-20 23:32:27.319 [http-nio-8080-exec-2] INFO  [com.yxly.service.impl.RoomServiceImpl] - 查询所有房型列表
2025-10-20 23:32:27.319 [http-nio-8080-exec-3] INFO  [com.yxly.controller.user.UserRoomController] - 用户查询可用房间: current=1, size=6, roomTypeId=null, maxGuests=null, minPrice=null, maxPrice=null
2025-10-20 23:32:27.319 [http-nio-8080-exec-3] INFO  [com.yxly.service.impl.RoomServiceImpl] - 用户查询可用房间: roomTypeId=null, maxGuests=null, minPrice=null, maxPrice=null
2025-10-20 23:32:27.325 [http-nio-8080-exec-2] DEBUG [o.s.s.web.context.SecurityContextPersistenceFilter] - Cleared SecurityContextHolder to complete request
2025-10-20 23:32:27.325 [http-nio-8080-exec-3] INFO  [com.yxly.service.impl.RoomServiceImpl] - 用户查询可用房间完成: total=5, records=5
2025-10-20 23:32:27.328 [http-nio-8080-exec-3] DEBUG [o.s.s.web.context.SecurityContextPersistenceFilter] - Cleared SecurityContextHolder to complete request
